Grammar

    0 $accept: Program $end

    1 Program: ExtDefList

    2 ExtDefList: ExtDef ExtDefList
    3           | %empty

    4 ExtDef: Specifier ExtDecList ";"
    5       | Specifier ";"
    6       | Specifier FunDec CompSt
    7       | Specifier FunDec ";"
    8       | error ";"
    9       | Specifier error ";"
   10       | Specifier ExtDecList error ";"
   11       | Specifier FunDec error CompSt

   12 ExtDecList: VarDec
   13           | VarDec "," ExtDecList

   14 Specifier: TYPE
   15          | StructSpecifier

   16 StructSpecifier: STRUCT OptTag "{" DefList "}"
   17                | STRUCT Tag
   18                | STRUCT OptTag "{" DefList error "}"
   19                | STRUCT error
   20                | STRUCT error IF "{" DefList "}"
   21                | STRUCT error ELSE "{" DefList "}"
   22                | STRUCT error WHILE "{" DefList "}"
   23                | STRUCT error STRUCT "{" DefList "}"

   24 OptTag: ID
   25       | %empty

   26 Tag: ID

   27 VarDec: ID
   28       | VarDec "[" INT "]"
   29       | VarDec "[" error
   30       | VarDec "[" INT error

   31 FunDec: ID "(" VarList ")"
   32       | ID "(" ")"
   33       | ID error
   34       | ID "(" error
   35       | ID "(" VarList error

   36 VarList: ParamDec "," VarList
   37        | ParamDec

   38 ParamDec: Specifier VarDec
   39         | error VarDec
   40         | Specifier error

   41 CompSt: "{" DefList StmtList "}"
   42       | "{" DefList error "}"

   43 StmtList: Stmt StmtList
   44         | %empty

   45 Stmt: Exp ";"
   46     | CompSt
   47     | RETURN Exp ";"
   48     | IF "(" Exp ")" Stmt
   49     | IF "(" Exp ")" Stmt ELSE Stmt
   50     | WHILE "(" Exp ")" Stmt
   51     | Exp error
   52     | RETURN Exp error
   53     | error ";"
   54     | Exp error ";"
   55     | RETURN error ";"
   56     | IF error Stmt
   57     | IF error Stmt ELSE Stmt
   58     | WHILE error Stmt
   59     | IF "(" Exp error Stmt
   60     | IF "(" Exp error Stmt ELSE Stmt
   61     | WHILE "(" Exp error Stmt

   62 DefList: Def DefList
   63        | %empty

   64 Def: Specifier DecList ";"
   65    | Specifier error ";"
   66    | Specifier DecList error ";"

   67 DecList: Dec
   68        | Dec "," DecList

   69 Dec: VarDec
   70    | VarDec "=" Exp

   71 Exp: Exp "=" Exp
   72    | Exp "&&" Exp
   73    | Exp "||" Exp
   74    | Exp RELOP Exp
   75    | Exp "+" Exp
   76    | Exp "-" Exp
   77    | Exp "*" Exp
   78    | Exp "/" Exp
   79    | "(" Exp ")"
   80    | "-" Exp
   81    | "!" Exp
   82    | ID "(" Args ")"
   83    | ID "(" ")"
   84    | Exp "[" Exp "]"
   85    | Exp "." ID
   86    | ID
   87    | INT
   88    | FLOAT
   89    | error "." Exp
   90    | Exp "." error
   91    | Exp "=" error
   92    | Exp "&&" error
   93    | Exp "||" error
   94    | Exp RELOP error
   95    | Exp "+" error
   96    | Exp "-" error
   97    | Exp "*" error
   98    | Exp "/" error
   99    | error "="
  100    | error "&&"
  101    | error "||"
  102    | error RELOP
  103    | error "+"
  104    | error "-"
  105    | error "*"
  106    | error "/"
  107    | "(" error ")"
  108    | "-" error
  109    | "!" error
  110    | ID "(" error ")"
  111    | Exp "[" error "]"
  112    | ID "(" Args error
  113    | Exp "[" Exp error

  114 Args: Exp "," Args
  115     | Exp


Terminals, with rules where they appear

$end (0) 0
error (256) 8 9 10 11 18 19 20 21 22 23 29 30 33 34 35 39 40 42 51
    52 53 54 55 56 57 58 59 60 61 65 66 89 90 91 92 93 94 95 96 97
    98 99 100 101 102 103 104 105 106 107 108 109 110 111 112 113
ID (258) 24 26 27 31 32 33 34 35 82 83 85 86 110 112
INT (259) 28 30 87
FLOAT (260) 88
STRUCT (261) 16 17 18 19 20 21 22 23
RETURN (262) 47 52 55
IF (263) 20 48 49 56 57 59 60
ELSE (264) 21 49 57 60
WHILE (265) 22 50 58 61
RELOP (266) 74 94 102
TYPE (267) 14
";" (268) 4 5 7 8 9 10 45 47 53 54 55 64 65 66
"," (269) 13 36 68 114
"=" (270) 70 71 91 99
"+" (271) 75 95 103
"-" (272) 76 80 96 104 108
"*" (273) 77 97 105
"/" (274) 78 98 106
"&&" (275) 72 92 100
"||" (276) 73 93 101
"." (277) 85 89 90
"!" (278) 81 109
"(" (279) 31 32 34 35 48 49 50 59 60 61 79 82 83 107 110 112
")" (280) 31 32 48 49 50 79 82 83 107 110
"[" (281) 28 29 30 84 111 113
"]" (282) 28 84 111
"{" (283) 16 18 20 21 22 23 41 42
"}" (284) 16 18 20 21 22 23 41 42
REDUCE_ERROR (285)
LOWER_THAN_ELSE (286)
MINUS (287)


Nonterminals, with rules where they appear

$accept (33)
    on left: 0
Program (34)
    on left: 1, on right: 0
ExtDefList (35)
    on left: 2 3, on right: 1 2
ExtDef (36)
    on left: 4 5 6 7 8 9 10 11, on right: 2
ExtDecList (37)
    on left: 12 13, on right: 4 10 13
Specifier (38)
    on left: 14 15, on right: 4 5 6 7 9 10 11 38 40 64 65 66
StructSpecifier (39)
    on left: 16 17 18 19 20 21 22 23, on right: 15
OptTag (40)
    on left: 24 25, on right: 16 18
Tag (41)
    on left: 26, on right: 17
VarDec (42)
    on left: 27 28 29 30, on right: 12 13 28 29 30 38 39 69 70
FunDec (43)
    on left: 31 32 33 34 35, on right: 6 7 11
VarList (44)
    on left: 36 37, on right: 31 35 36
ParamDec (45)
    on left: 38 39 40, on right: 36 37
CompSt (46)
    on left: 41 42, on right: 6 11 46
StmtList (47)
    on left: 43 44, on right: 41 43
Stmt (48)
    on left: 45 46 47 48 49 50 51 52 53 54 55 56 57 58 59 60 61, on right:
    43 48 49 50 56 57 58 59 60 61
DefList (49)
    on left: 62 63, on right: 16 18 20 21 22 23 41 42 62
Def (50)
    on left: 64 65 66, on right: 62
DecList (51)
    on left: 67 68, on right: 64 66 68
Dec (52)
    on left: 69 70, on right: 67 68
Exp (53)
    on left: 71 72 73 74 75 76 77 78 79 80 81 82 83 84 85 86 87 88
    89 90 91 92 93 94 95 96 97 98 99 100 101 102 103 104 105 106 107
    108 109 110 111 112 113, on right: 45 47 48 49 50 51 52 54 59 60
    61 70 71 72 73 74 75 76 77 78 79 80 81 84 85 89 90 91 92 93 94
    95 96 97 98 111 113 114 115
Args (54)
    on left: 114 115, on right: 82 112 114


State 0

    0 $accept: . Program $end

    error   shift, and go to state 1
    STRUCT  shift, and go to state 2
    TYPE    shift, and go to state 3

    $end  reduce using rule 3 (ExtDefList)

    Program          go to state 4
    ExtDefList       go to state 5
    ExtDef           go to state 6
    Specifier        go to state 7
    StructSpecifier  go to state 8


State 1

    8 ExtDef: error . ";"

    ";"  shift, and go to state 9


State 2

   16 StructSpecifier: STRUCT . OptTag "{" DefList "}"
   17                | STRUCT . Tag
   18                | STRUCT . OptTag "{" DefList error "}"
   19                | STRUCT . error
   20                | STRUCT . error IF "{" DefList "}"
   21                | STRUCT . error ELSE "{" DefList "}"
   22                | STRUCT . error WHILE "{" DefList "}"
   23                | STRUCT . error STRUCT "{" DefList "}"

    error  shift, and go to state 10
    ID     shift, and go to state 11

    "{"  reduce using rule 25 (OptTag)

    OptTag  go to state 12
    Tag     go to state 13


State 3

   14 Specifier: TYPE .

    $default  reduce using rule 14 (Specifier)


State 4

    0 $accept: Program . $end

    $end  shift, and go to state 14


State 5

    1 Program: ExtDefList .

    $default  reduce using rule 1 (Program)


State 6

    2 ExtDefList: ExtDef . ExtDefList

    error   shift, and go to state 1
    STRUCT  shift, and go to state 2
    TYPE    shift, and go to state 3

    $end  reduce using rule 3 (ExtDefList)

    ExtDefList       go to state 15
    ExtDef           go to state 6
    Specifier        go to state 7
    StructSpecifier  go to state 8


State 7

    4 ExtDef: Specifier . ExtDecList ";"
    5       | Specifier . ";"
    6       | Specifier . FunDec CompSt
    7       | Specifier . FunDec ";"
    9       | Specifier . error ";"
   10       | Specifier . ExtDecList error ";"
   11       | Specifier . FunDec error CompSt

    error  shift, and go to state 16
    ID     shift, and go to state 17
    ";"    shift, and go to state 18

    ExtDecList  go to state 19
    VarDec      go to state 20
    FunDec      go to state 21


State 8

   15 Specifier: StructSpecifier .

    $default  reduce using rule 15 (Specifier)


State 9

    8 ExtDef: error ";" .

    $default  reduce using rule 8 (ExtDef)


State 10

   19 StructSpecifier: STRUCT error .
   20                | STRUCT error . IF "{" DefList "}"
   21                | STRUCT error . ELSE "{" DefList "}"
   22                | STRUCT error . WHILE "{" DefList "}"
   23                | STRUCT error . STRUCT "{" DefList "}"

    STRUCT  shift, and go to state 22
    IF      shift, and go to state 23
    ELSE    shift, and go to state 24
    WHILE   shift, and go to state 25

    $default  reduce using rule 19 (StructSpecifier)


State 11

   24 OptTag: ID .
   26 Tag: ID .

    "{"       reduce using rule 24 (OptTag)
    $default  reduce using rule 26 (Tag)


State 12

   16 StructSpecifier: STRUCT OptTag . "{" DefList "}"
   18                | STRUCT OptTag . "{" DefList error "}"

    "{"  shift, and go to state 26


State 13

   17 StructSpecifier: STRUCT Tag .

    $default  reduce using rule 17 (StructSpecifier)


State 14

    0 $accept: Program $end .

    $default  accept


State 15

    2 ExtDefList: ExtDef ExtDefList .

    $default  reduce using rule 2 (ExtDefList)


State 16

    9 ExtDef: Specifier error . ";"

    ";"  shift, and go to state 27


State 17

   27 VarDec: ID .
   31 FunDec: ID . "(" VarList ")"
   32       | ID . "(" ")"
   33       | ID . error
   34       | ID . "(" error
   35       | ID . "(" VarList error

    error  shift, and go to state 28
    "("    shift, and go to state 29

    ";"  reduce using rule 27 (VarDec)
    ","  reduce using rule 27 (VarDec)
    "["  reduce using rule 27 (VarDec)


State 18

    5 ExtDef: Specifier ";" .

    $default  reduce using rule 5 (ExtDef)


State 19

    4 ExtDef: Specifier ExtDecList . ";"
   10       | Specifier ExtDecList . error ";"

    error  shift, and go to state 30
    ";"    shift, and go to state 31


State 20

   12 ExtDecList: VarDec .
   13           | VarDec . "," ExtDecList
   28 VarDec: VarDec . "[" INT "]"
   29       | VarDec . "[" error
   30       | VarDec . "[" INT error

    ","  shift, and go to state 32
    "["  shift, and go to state 33

    $default  reduce using rule 12 (ExtDecList)


State 21

    6 ExtDef: Specifier FunDec . CompSt
    7       | Specifier FunDec . ";"
   11       | Specifier FunDec . error CompSt

    error  shift, and go to state 34
    ";"    shift, and go to state 35
    "{"    shift, and go to state 36

    CompSt  go to state 37


State 22

   23 StructSpecifier: STRUCT error STRUCT . "{" DefList "}"

    "{"  shift, and go to state 38


State 23

   20 StructSpecifier: STRUCT error IF . "{" DefList "}"

    "{"  shift, and go to state 39


State 24

   21 StructSpecifier: STRUCT error ELSE . "{" DefList "}"

    "{"  shift, and go to state 40


State 25

   22 StructSpecifier: STRUCT error WHILE . "{" DefList "}"

    "{"  shift, and go to state 41


State 26

   16 StructSpecifier: STRUCT OptTag "{" . DefList "}"
   18                | STRUCT OptTag "{" . DefList error "}"

    STRUCT  shift, and go to state 2
    TYPE    shift, and go to state 3

    $default  reduce using rule 63 (DefList)

    Specifier        go to state 42
    StructSpecifier  go to state 8
    DefList          go to state 43
    Def              go to state 44


State 27

    9 ExtDef: Specifier error ";" .

    $default  reduce using rule 9 (ExtDef)


State 28

   33 FunDec: ID error .

    $default  reduce using rule 33 (FunDec)


State 29

   31 FunDec: ID "(" . VarList ")"
   32       | ID "(" . ")"
   34       | ID "(" . error
   35       | ID "(" . VarList error

    error   shift, and go to state 45
    STRUCT  shift, and go to state 2
    TYPE    shift, and go to state 3
    ")"     shift, and go to state 46

    Specifier        go to state 47
    StructSpecifier  go to state 8
    VarList          go to state 48
    ParamDec         go to state 49


State 30

   10 ExtDef: Specifier ExtDecList error . ";"

    ";"  shift, and go to state 50


State 31

    4 ExtDef: Specifier ExtDecList ";" .

    $default  reduce using rule 4 (ExtDef)


State 32

   13 ExtDecList: VarDec "," . ExtDecList

    ID  shift, and go to state 51

    ExtDecList  go to state 52
    VarDec      go to state 20


State 33

   28 VarDec: VarDec "[" . INT "]"
   29       | VarDec "[" . error
   30       | VarDec "[" . INT error

    error  shift, and go to state 53
    INT    shift, and go to state 54


State 34

   11 ExtDef: Specifier FunDec error . CompSt

    "{"  shift, and go to state 36

    CompSt  go to state 55


State 35

    7 ExtDef: Specifier FunDec ";" .

    $default  reduce using rule 7 (ExtDef)


State 36

   41 CompSt: "{" . DefList StmtList "}"
   42       | "{" . DefList error "}"

    STRUCT  shift, and go to state 2
    TYPE    shift, and go to state 3

    $default  reduce using rule 63 (DefList)

    Specifier        go to state 42
    StructSpecifier  go to state 8
    DefList          go to state 56
    Def              go to state 44


State 37

    6 ExtDef: Specifier FunDec CompSt .

    $default  reduce using rule 6 (ExtDef)


State 38

   23 StructSpecifier: STRUCT error STRUCT "{" . DefList "}"

    STRUCT  shift, and go to state 2
    TYPE    shift, and go to state 3

    $default  reduce using rule 63 (DefList)

    Specifier        go to state 42
    StructSpecifier  go to state 8
    DefList          go to state 57
    Def              go to state 44


State 39

   20 StructSpecifier: STRUCT error IF "{" . DefList "}"

    STRUCT  shift, and go to state 2
    TYPE    shift, and go to state 3

    $default  reduce using rule 63 (DefList)

    Specifier        go to state 42
    StructSpecifier  go to state 8
    DefList          go to state 58
    Def              go to state 44


State 40

   21 StructSpecifier: STRUCT error ELSE "{" . DefList "}"

    STRUCT  shift, and go to state 2
    TYPE    shift, and go to state 3

    $default  reduce using rule 63 (DefList)

    Specifier        go to state 42
    StructSpecifier  go to state 8
    DefList          go to state 59
    Def              go to state 44


State 41

   22 StructSpecifier: STRUCT error WHILE "{" . DefList "}"

    STRUCT  shift, and go to state 2
    TYPE    shift, and go to state 3

    $default  reduce using rule 63 (DefList)

    Specifier        go to state 42
    StructSpecifier  go to state 8
    DefList          go to state 60
    Def              go to state 44


State 42

   64 Def: Specifier . DecList ";"
   65    | Specifier . error ";"
   66    | Specifier . DecList error ";"

    error  shift, and go to state 61
    ID     shift, and go to state 51

    VarDec   go to state 62
    DecList  go to state 63
    Dec      go to state 64


State 43

   16 StructSpecifier: STRUCT OptTag "{" DefList . "}"
   18                | STRUCT OptTag "{" DefList . error "}"

    error  shift, and go to state 65
    "}"    shift, and go to state 66


State 44

   62 DefList: Def . DefList

    STRUCT  shift, and go to state 2
    TYPE    shift, and go to state 3

    $default  reduce using rule 63 (DefList)

    Specifier        go to state 42
    StructSpecifier  go to state 8
    DefList          go to state 67
    Def              go to state 44


State 45

   34 FunDec: ID "(" error .
   39 ParamDec: error . VarDec

    ID  shift, and go to state 51

    $default  reduce using rule 34 (FunDec)

    VarDec  go to state 68


State 46

   32 FunDec: ID "(" ")" .

    $default  reduce using rule 32 (FunDec)


State 47

   38 ParamDec: Specifier . VarDec
   40         | Specifier . error

    error  shift, and go to state 69
    ID     shift, and go to state 51

    VarDec  go to state 70


State 48

   31 FunDec: ID "(" VarList . ")"
   35       | ID "(" VarList . error

    error  shift, and go to state 71
    ")"    shift, and go to state 72


State 49

   36 VarList: ParamDec . "," VarList
   37        | ParamDec .

    ","  shift, and go to state 73

    $default  reduce using rule 37 (VarList)


State 50

   10 ExtDef: Specifier ExtDecList error ";" .

    $default  reduce using rule 10 (ExtDef)


State 51

   27 VarDec: ID .

    $default  reduce using rule 27 (VarDec)


State 52

   13 ExtDecList: VarDec "," ExtDecList .

    $default  reduce using rule 13 (ExtDecList)


State 53

   29 VarDec: VarDec "[" error .

    $default  reduce using rule 29 (VarDec)


State 54

   28 VarDec: VarDec "[" INT . "]"
   30       | VarDec "[" INT . error

    error  shift, and go to state 74
    "]"    shift, and go to state 75


State 55

   11 ExtDef: Specifier FunDec error CompSt .

    $default  reduce using rule 11 (ExtDef)


State 56

   41 CompSt: "{" DefList . StmtList "}"
   42       | "{" DefList . error "}"

    error   shift, and go to state 76
    ID      shift, and go to state 77
    INT     shift, and go to state 78
    FLOAT   shift, and go to state 79
    RETURN  shift, and go to state 80
    IF      shift, and go to state 81
    WHILE   shift, and go to state 82
    "-"     shift, and go to state 83
    "!"     shift, and go to state 84
    "("     shift, and go to state 85
    "{"     shift, and go to state 36

    "}"  reduce using rule 44 (StmtList)

    CompSt    go to state 86
    StmtList  go to state 87
    Stmt      go to state 88
    Exp       go to state 89


State 57

   23 StructSpecifier: STRUCT error STRUCT "{" DefList . "}"

    "}"  shift, and go to state 90


State 58

   20 StructSpecifier: STRUCT error IF "{" DefList . "}"

    "}"  shift, and go to state 91


State 59

   21 StructSpecifier: STRUCT error ELSE "{" DefList . "}"

    "}"  shift, and go to state 92


State 60

   22 StructSpecifier: STRUCT error WHILE "{" DefList . "}"

    "}"  shift, and go to state 93


State 61

   65 Def: Specifier error . ";"

    ";"  shift, and go to state 94


State 62

   28 VarDec: VarDec . "[" INT "]"
   29       | VarDec . "[" error
   30       | VarDec . "[" INT error
   69 Dec: VarDec .
   70    | VarDec . "=" Exp

    "="  shift, and go to state 95
    "["  shift, and go to state 33

    $default  reduce using rule 69 (Dec)


State 63

   64 Def: Specifier DecList . ";"
   66    | Specifier DecList . error ";"

    error  shift, and go to state 96
    ";"    shift, and go to state 97


State 64

   67 DecList: Dec .
   68        | Dec . "," DecList

    ","  shift, and go to state 98

    $default  reduce using rule 67 (DecList)


State 65

   18 StructSpecifier: STRUCT OptTag "{" DefList error . "}"

    "}"  shift, and go to state 99


State 66

   16 StructSpecifier: STRUCT OptTag "{" DefList "}" .

    $default  reduce using rule 16 (StructSpecifier)


State 67

   62 DefList: Def DefList .

    $default  reduce using rule 62 (DefList)


State 68

   28 VarDec: VarDec . "[" INT "]"
   29       | VarDec . "[" error
   30       | VarDec . "[" INT error
   39 ParamDec: error VarDec .

    "["  shift, and go to state 33

    $default  reduce using rule 39 (ParamDec)


State 69

   40 ParamDec: Specifier error .

    $default  reduce using rule 40 (ParamDec)


State 70

   28 VarDec: VarDec . "[" INT "]"
   29       | VarDec . "[" error
   30       | VarDec . "[" INT error
   38 ParamDec: Specifier VarDec .

    "["  shift, and go to state 33

    $default  reduce using rule 38 (ParamDec)


State 71

   35 FunDec: ID "(" VarList error .

    $default  reduce using rule 35 (FunDec)


State 72

   31 FunDec: ID "(" VarList ")" .

    $default  reduce using rule 31 (FunDec)


State 73

   36 VarList: ParamDec "," . VarList

    error   shift, and go to state 100
    STRUCT  shift, and go to state 2
    TYPE    shift, and go to state 3

    Specifier        go to state 47
    StructSpecifier  go to state 8
    VarList          go to state 101
    ParamDec         go to state 49


State 74

   30 VarDec: VarDec "[" INT error .

    $default  reduce using rule 30 (VarDec)


State 75

   28 VarDec: VarDec "[" INT "]" .

    $default  reduce using rule 28 (VarDec)


State 76

   42 CompSt: "{" DefList error . "}"
   53 Stmt: error . ";"
   89 Exp: error . "." Exp
   99    | error . "="
  100    | error . "&&"
  101    | error . "||"
  102    | error . RELOP
  103    | error . "+"
  104    | error . "-"
  105    | error . "*"
  106    | error . "/"

    RELOP  shift, and go to state 102
    ";"    shift, and go to state 103
    "="    shift, and go to state 104
    "+"    shift, and go to state 105
    "-"    shift, and go to state 106
    "*"    shift, and go to state 107
    "/"    shift, and go to state 108
    "&&"   shift, and go to state 109
    "||"   shift, and go to state 110
    "."    shift, and go to state 111
    "}"    shift, and go to state 112


State 77

   82 Exp: ID . "(" Args ")"
   83    | ID . "(" ")"
   86    | ID .
  110    | ID . "(" error ")"
  112    | ID . "(" Args error

    "("  shift, and go to state 113

    $default  reduce using rule 86 (Exp)


State 78

   87 Exp: INT .

    $default  reduce using rule 87 (Exp)


State 79

   88 Exp: FLOAT .

    $default  reduce using rule 88 (Exp)


State 80

   47 Stmt: RETURN . Exp ";"
   52     | RETURN . Exp error
   55     | RETURN . error ";"

    error  shift, and go to state 114
    ID     shift, and go to state 77
    INT    shift, and go to state 78
    FLOAT  shift, and go to state 79
    "-"    shift, and go to state 83
    "!"    shift, and go to state 84
    "("    shift, and go to state 85

    Exp  go to state 115


State 81

   48 Stmt: IF . "(" Exp ")" Stmt
   49     | IF . "(" Exp ")" Stmt ELSE Stmt
   56     | IF . error Stmt
   57     | IF . error Stmt ELSE Stmt
   59     | IF . "(" Exp error Stmt
   60     | IF . "(" Exp error Stmt ELSE Stmt

    error  shift, and go to state 116
    "("    shift, and go to state 117


State 82

   50 Stmt: WHILE . "(" Exp ")" Stmt
   58     | WHILE . error Stmt
   61     | WHILE . "(" Exp error Stmt

    error  shift, and go to state 118
    "("    shift, and go to state 119


State 83

   80 Exp: "-" . Exp
  108    | "-" . error

    error  shift, and go to state 120
    ID     shift, and go to state 77
    INT    shift, and go to state 78
    FLOAT  shift, and go to state 79
    "-"    shift, and go to state 83
    "!"    shift, and go to state 84
    "("    shift, and go to state 85

    Exp  go to state 121


State 84

   81 Exp: "!" . Exp
  109    | "!" . error

    error  shift, and go to state 122
    ID     shift, and go to state 77
    INT    shift, and go to state 78
    FLOAT  shift, and go to state 79
    "-"    shift, and go to state 83
    "!"    shift, and go to state 84
    "("    shift, and go to state 85

    Exp  go to state 123


State 85

   79 Exp: "(" . Exp ")"
  107    | "(" . error ")"

    error  shift, and go to state 124
    ID     shift, and go to state 77
    INT    shift, and go to state 78
    FLOAT  shift, and go to state 79
    "-"    shift, and go to state 83
    "!"    shift, and go to state 84
    "("    shift, and go to state 85

    Exp  go to state 125


State 86

   46 Stmt: CompSt .

    $default  reduce using rule 46 (Stmt)


State 87

   41 CompSt: "{" DefList StmtList . "}"

    "}"  shift, and go to state 126


State 88

   43 StmtList: Stmt . StmtList

    error   shift, and go to state 127
    ID      shift, and go to state 77
    INT     shift, and go to state 78
    FLOAT   shift, and go to state 79
    RETURN  shift, and go to state 80
    IF      shift, and go to state 81
    WHILE   shift, and go to state 82
    "-"     shift, and go to state 83
    "!"     shift, and go to state 84
    "("     shift, and go to state 85
    "{"     shift, and go to state 36

    "}"  reduce using rule 44 (StmtList)

    CompSt    go to state 86
    StmtList  go to state 128
    Stmt      go to state 88
    Exp       go to state 89


State 89

   45 Stmt: Exp . ";"
   51     | Exp . error
   54     | Exp . error ";"
   71 Exp: Exp . "=" Exp
   72    | Exp . "&&" Exp
   73    | Exp . "||" Exp
   74    | Exp . RELOP Exp
   75    | Exp . "+" Exp
   76    | Exp . "-" Exp
   77    | Exp . "*" Exp
   78    | Exp . "/" Exp
   84    | Exp . "[" Exp "]"
   85    | Exp . "." ID
   90    | Exp . "." error
   91    | Exp . "=" error
   92    | Exp . "&&" error
   93    | Exp . "||" error
   94    | Exp . RELOP error
   95    | Exp . "+" error
   96    | Exp . "-" error
   97    | Exp . "*" error
   98    | Exp . "/" error
  111    | Exp . "[" error "]"
  113    | Exp . "[" Exp error

    error  shift, and go to state 129
    RELOP  shift, and go to state 130
    ";"    shift, and go to state 131
    "="    shift, and go to state 132
    "+"    shift, and go to state 133
    "-"    shift, and go to state 134
    "*"    shift, and go to state 135
    "/"    shift, and go to state 136
    "&&"   shift, and go to state 137
    "||"   shift, and go to state 138
    "."    shift, and go to state 139
    "["    shift, and go to state 140


State 90

   23 StructSpecifier: STRUCT error STRUCT "{" DefList "}" .

    $default  reduce using rule 23 (StructSpecifier)


State 91

   20 StructSpecifier: STRUCT error IF "{" DefList "}" .

    $default  reduce using rule 20 (StructSpecifier)


State 92

   21 StructSpecifier: STRUCT error ELSE "{" DefList "}" .

    $default  reduce using rule 21 (StructSpecifier)


State 93

   22 StructSpecifier: STRUCT error WHILE "{" DefList "}" .

    $default  reduce using rule 22 (StructSpecifier)


State 94

   65 Def: Specifier error ";" .

    $default  reduce using rule 65 (Def)


State 95

   70 Dec: VarDec "=" . Exp

    error  shift, and go to state 141
    ID     shift, and go to state 77
    INT    shift, and go to state 78
    FLOAT  shift, and go to state 79
    "-"    shift, and go to state 83
    "!"    shift, and go to state 84
    "("    shift, and go to state 85

    Exp  go to state 142


State 96

   66 Def: Specifier DecList error . ";"

    ";"  shift, and go to state 143


State 97

   64 Def: Specifier DecList ";" .

    $default  reduce using rule 64 (Def)


State 98

   68 DecList: Dec "," . DecList

    ID  shift, and go to state 51

    VarDec   go to state 62
    DecList  go to state 144
    Dec      go to state 64


State 99

   18 StructSpecifier: STRUCT OptTag "{" DefList error "}" .

    $default  reduce using rule 18 (StructSpecifier)


State 100

   39 ParamDec: error . VarDec

    ID  shift, and go to state 51

    VarDec  go to state 68


State 101

   36 VarList: ParamDec "," VarList .

    $default  reduce using rule 36 (VarList)


State 102

  102 Exp: error RELOP .

    $default  reduce using rule 102 (Exp)


State 103

   53 Stmt: error ";" .

    $default  reduce using rule 53 (Stmt)


State 104

   99 Exp: error "=" .

    $default  reduce using rule 99 (Exp)


State 105

  103 Exp: error "+" .

    $default  reduce using rule 103 (Exp)


State 106

  104 Exp: error "-" .

    $default  reduce using rule 104 (Exp)


State 107

  105 Exp: error "*" .

    $default  reduce using rule 105 (Exp)


State 108

  106 Exp: error "/" .

    $default  reduce using rule 106 (Exp)


State 109

  100 Exp: error "&&" .

    $default  reduce using rule 100 (Exp)


State 110

  101 Exp: error "||" .

    $default  reduce using rule 101 (Exp)


State 111

   89 Exp: error "." . Exp

    error  shift, and go to state 141
    ID     shift, and go to state 77
    INT    shift, and go to state 78
    FLOAT  shift, and go to state 79
    "-"    shift, and go to state 83
    "!"    shift, and go to state 84
    "("    shift, and go to state 85

    Exp  go to state 145


State 112

   42 CompSt: "{" DefList error "}" .

    $default  reduce using rule 42 (CompSt)


State 113

   82 Exp: ID "(" . Args ")"
   83    | ID "(" . ")"
  110    | ID "(" . error ")"
  112    | ID "(" . Args error

    error  shift, and go to state 146
    ID     shift, and go to state 77
    INT    shift, and go to state 78
    FLOAT  shift, and go to state 79
    "-"    shift, and go to state 83
    "!"    shift, and go to state 84
    "("    shift, and go to state 85
    ")"    shift, and go to state 147

    Exp   go to state 148
    Args  go to state 149


State 114

   55 Stmt: RETURN error . ";"
   89 Exp: error . "." Exp
   99    | error . "="
  100    | error . "&&"
  101    | error . "||"
  102    | error . RELOP
  103    | error . "+"
  104    | error . "-"
  105    | error . "*"
  106    | error . "/"

    RELOP  shift, and go to state 102
    ";"    shift, and go to state 150
    "="    shift, and go to state 104
    "+"    shift, and go to state 105
    "-"    shift, and go to state 106
    "*"    shift, and go to state 107
    "/"    shift, and go to state 108
    "&&"   shift, and go to state 109
    "||"   shift, and go to state 110
    "."    shift, and go to state 111


State 115

   47 Stmt: RETURN Exp . ";"
   52     | RETURN Exp . error
   71 Exp: Exp . "=" Exp
   72    | Exp . "&&" Exp
   73    | Exp . "||" Exp
   74    | Exp . RELOP Exp
   75    | Exp . "+" Exp
   76    | Exp . "-" Exp
   77    | Exp . "*" Exp
   78    | Exp . "/" Exp
   84    | Exp . "[" Exp "]"
   85    | Exp . "." ID
   90    | Exp . "." error
   91    | Exp . "=" error
   92    | Exp . "&&" error
   93    | Exp . "||" error
   94    | Exp . RELOP error
   95    | Exp . "+" error
   96    | Exp . "-" error
   97    | Exp . "*" error
   98    | Exp . "/" error
  111    | Exp . "[" error "]"
  113    | Exp . "[" Exp error

    error  shift, and go to state 151
    RELOP  shift, and go to state 130
    ";"    shift, and go to state 152
    "="    shift, and go to state 132
    "+"    shift, and go to state 133
    "-"    shift, and go to state 134
    "*"    shift, and go to state 135
    "/"    shift, and go to state 136
    "&&"   shift, and go to state 137
    "||"   shift, and go to state 138
    "."    shift, and go to state 139
    "["    shift, and go to state 140


State 116

   56 Stmt: IF error . Stmt
   57     | IF error . Stmt ELSE Stmt

    error   shift, and go to state 127
    ID      shift, and go to state 77
    INT     shift, and go to state 78
    FLOAT   shift, and go to state 79
    RETURN  shift, and go to state 80
    IF      shift, and go to state 81
    WHILE   shift, and go to state 82
    "-"     shift, and go to state 83
    "!"     shift, and go to state 84
    "("     shift, and go to state 85
    "{"     shift, and go to state 36

    CompSt  go to state 86
    Stmt    go to state 153
    Exp     go to state 89


State 117

   48 Stmt: IF "(" . Exp ")" Stmt
   49     | IF "(" . Exp ")" Stmt ELSE Stmt
   59     | IF "(" . Exp error Stmt
   60     | IF "(" . Exp error Stmt ELSE Stmt

    error  shift, and go to state 141
    ID     shift, and go to state 77
    INT    shift, and go to state 78
    FLOAT  shift, and go to state 79
    "-"    shift, and go to state 83
    "!"    shift, and go to state 84
    "("    shift, and go to state 85

    Exp  go to state 154


State 118

   58 Stmt: WHILE error . Stmt

    error   shift, and go to state 127
    ID      shift, and go to state 77
    INT     shift, and go to state 78
    FLOAT   shift, and go to state 79
    RETURN  shift, and go to state 80
    IF      shift, and go to state 81
    WHILE   shift, and go to state 82
    "-"     shift, and go to state 83
    "!"     shift, and go to state 84
    "("     shift, and go to state 85
    "{"     shift, and go to state 36

    CompSt  go to state 86
    Stmt    go to state 155
    Exp     go to state 89


State 119

   50 Stmt: WHILE "(" . Exp ")" Stmt
   61     | WHILE "(" . Exp error Stmt

    error  shift, and go to state 141
    ID     shift, and go to state 77
    INT    shift, and go to state 78
    FLOAT  shift, and go to state 79
    "-"    shift, and go to state 83
    "!"    shift, and go to state 84
    "("    shift, and go to state 85

    Exp  go to state 156


State 120

   89 Exp: error . "." Exp
   99    | error . "="
  100    | error . "&&"
  101    | error . "||"
  102    | error . RELOP
  103    | error . "+"
  104    | error . "-"
  105    | error . "*"
  106    | error . "/"
  108    | "-" error .

    "."  shift, and go to state 111

    $default  reduce using rule 108 (Exp)


State 121

   71 Exp: Exp . "=" Exp
   72    | Exp . "&&" Exp
   73    | Exp . "||" Exp
   74    | Exp . RELOP Exp
   75    | Exp . "+" Exp
   76    | Exp . "-" Exp
   77    | Exp . "*" Exp
   78    | Exp . "/" Exp
   80    | "-" Exp .
   84    | Exp . "[" Exp "]"
   85    | Exp . "." ID
   90    | Exp . "." error
   91    | Exp . "=" error
   92    | Exp . "&&" error
   93    | Exp . "||" error
   94    | Exp . RELOP error
   95    | Exp . "+" error
   96    | Exp . "-" error
   97    | Exp . "*" error
   98    | Exp . "/" error
  111    | Exp . "[" error "]"
  113    | Exp . "[" Exp error

    "."  shift, and go to state 139
    "["  shift, and go to state 140

    $default  reduce using rule 80 (Exp)


State 122

   89 Exp: error . "." Exp
   99    | error . "="
  100    | error . "&&"
  101    | error . "||"
  102    | error . RELOP
  103    | error . "+"
  104    | error . "-"
  105    | error . "*"
  106    | error . "/"
  109    | "!" error .

    "."  shift, and go to state 111

    $default  reduce using rule 109 (Exp)


State 123

   71 Exp: Exp . "=" Exp
   72    | Exp . "&&" Exp
   73    | Exp . "||" Exp
   74    | Exp . RELOP Exp
   75    | Exp . "+" Exp
   76    | Exp . "-" Exp
   77    | Exp . "*" Exp
   78    | Exp . "/" Exp
   81    | "!" Exp .
   84    | Exp . "[" Exp "]"
   85    | Exp . "." ID
   90    | Exp . "." error
   91    | Exp . "=" error
   92    | Exp . "&&" error
   93    | Exp . "||" error
   94    | Exp . RELOP error
   95    | Exp . "+" error
   96    | Exp . "-" error
   97    | Exp . "*" error
   98    | Exp . "/" error
  111    | Exp . "[" error "]"
  113    | Exp . "[" Exp error

    "."  shift, and go to state 139
    "["  shift, and go to state 140

    $default  reduce using rule 81 (Exp)


State 124

   89 Exp: error . "." Exp
   99    | error . "="
  100    | error . "&&"
  101    | error . "||"
  102    | error . RELOP
  103    | error . "+"
  104    | error . "-"
  105    | error . "*"
  106    | error . "/"
  107    | "(" error . ")"

    RELOP  shift, and go to state 102
    "="    shift, and go to state 104
    "+"    shift, and go to state 105
    "-"    shift, and go to state 106
    "*"    shift, and go to state 107
    "/"    shift, and go to state 108
    "&&"   shift, and go to state 109
    "||"   shift, and go to state 110
    "."    shift, and go to state 111
    ")"    shift, and go to state 157


State 125

   71 Exp: Exp . "=" Exp
   72    | Exp . "&&" Exp
   73    | Exp . "||" Exp
   74    | Exp . RELOP Exp
   75    | Exp . "+" Exp
   76    | Exp . "-" Exp
   77    | Exp . "*" Exp
   78    | Exp . "/" Exp
   79    | "(" Exp . ")"
   84    | Exp . "[" Exp "]"
   85    | Exp . "." ID
   90    | Exp . "." error
   91    | Exp . "=" error
   92    | Exp . "&&" error
   93    | Exp . "||" error
   94    | Exp . RELOP error
   95    | Exp . "+" error
   96    | Exp . "-" error
   97    | Exp . "*" error
   98    | Exp . "/" error
  111    | Exp . "[" error "]"
  113    | Exp . "[" Exp error

    RELOP  shift, and go to state 130
    "="    shift, and go to state 132
    "+"    shift, and go to state 133
    "-"    shift, and go to state 134
    "*"    shift, and go to state 135
    "/"    shift, and go to state 136
    "&&"   shift, and go to state 137
    "||"   shift, and go to state 138
    "."    shift, and go to state 139
    ")"    shift, and go to state 158
    "["    shift, and go to state 140


State 126

   41 CompSt: "{" DefList StmtList "}" .

    $default  reduce using rule 41 (CompSt)


State 127

   53 Stmt: error . ";"
   89 Exp: error . "." Exp
   99    | error . "="
  100    | error . "&&"
  101    | error . "||"
  102    | error . RELOP
  103    | error . "+"
  104    | error . "-"
  105    | error . "*"
  106    | error . "/"

    RELOP  shift, and go to state 102
    ";"    shift, and go to state 103
    "="    shift, and go to state 104
    "+"    shift, and go to state 105
    "-"    shift, and go to state 106
    "*"    shift, and go to state 107
    "/"    shift, and go to state 108
    "&&"   shift, and go to state 109
    "||"   shift, and go to state 110
    "."    shift, and go to state 111


State 128

   43 StmtList: Stmt StmtList .

    $default  reduce using rule 43 (StmtList)


State 129

   51 Stmt: Exp error .
   54     | Exp error . ";"

    ";"  shift, and go to state 159

    $default  reduce using rule 51 (Stmt)


State 130

   74 Exp: Exp RELOP . Exp
   94    | Exp RELOP . error

    error  shift, and go to state 160
    ID     shift, and go to state 77
    INT    shift, and go to state 78
    FLOAT  shift, and go to state 79
    "-"    shift, and go to state 83
    "!"    shift, and go to state 84
    "("    shift, and go to state 85

    Exp  go to state 161


State 131

   45 Stmt: Exp ";" .

    $default  reduce using rule 45 (Stmt)


State 132

   71 Exp: Exp "=" . Exp
   91    | Exp "=" . error

    error  shift, and go to state 162
    ID     shift, and go to state 77
    INT    shift, and go to state 78
    FLOAT  shift, and go to state 79
    "-"    shift, and go to state 83
    "!"    shift, and go to state 84
    "("    shift, and go to state 85

    Exp  go to state 163


State 133

   75 Exp: Exp "+" . Exp
   95    | Exp "+" . error

    error  shift, and go to state 164
    ID     shift, and go to state 77
    INT    shift, and go to state 78
    FLOAT  shift, and go to state 79
    "-"    shift, and go to state 83
    "!"    shift, and go to state 84
    "("    shift, and go to state 85

    Exp  go to state 165


State 134

   76 Exp: Exp "-" . Exp
   96    | Exp "-" . error

    error  shift, and go to state 166
    ID     shift, and go to state 77
    INT    shift, and go to state 78
    FLOAT  shift, and go to state 79
    "-"    shift, and go to state 83
    "!"    shift, and go to state 84
    "("    shift, and go to state 85

    Exp  go to state 167


State 135

   77 Exp: Exp "*" . Exp
   97    | Exp "*" . error

    error  shift, and go to state 168
    ID     shift, and go to state 77
    INT    shift, and go to state 78
    FLOAT  shift, and go to state 79
    "-"    shift, and go to state 83
    "!"    shift, and go to state 84
    "("    shift, and go to state 85

    Exp  go to state 169


State 136

   78 Exp: Exp "/" . Exp
   98    | Exp "/" . error

    error  shift, and go to state 170
    ID     shift, and go to state 77
    INT    shift, and go to state 78
    FLOAT  shift, and go to state 79
    "-"    shift, and go to state 83
    "!"    shift, and go to state 84
    "("    shift, and go to state 85

    Exp  go to state 171


State 137

   72 Exp: Exp "&&" . Exp
   92    | Exp "&&" . error

    error  shift, and go to state 172
    ID     shift, and go to state 77
    INT    shift, and go to state 78
    FLOAT  shift, and go to state 79
    "-"    shift, and go to state 83
    "!"    shift, and go to state 84
    "("    shift, and go to state 85

    Exp  go to state 173


State 138

   73 Exp: Exp "||" . Exp
   93    | Exp "||" . error

    error  shift, and go to state 174
    ID     shift, and go to state 77
    INT    shift, and go to state 78
    FLOAT  shift, and go to state 79
    "-"    shift, and go to state 83
    "!"    shift, and go to state 84
    "("    shift, and go to state 85

    Exp  go to state 175


State 139

   85 Exp: Exp "." . ID
   90    | Exp "." . error

    error  shift, and go to state 176
    ID     shift, and go to state 177


State 140

   84 Exp: Exp "[" . Exp "]"
  111    | Exp "[" . error "]"
  113    | Exp "[" . Exp error

    error  shift, and go to state 178
    ID     shift, and go to state 77
    INT    shift, and go to state 78
    FLOAT  shift, and go to state 79
    "-"    shift, and go to state 83
    "!"    shift, and go to state 84
    "("    shift, and go to state 85

    Exp  go to state 179


State 141

   89 Exp: error . "." Exp
   99    | error . "="
  100    | error . "&&"
  101    | error . "||"
  102    | error . RELOP
  103    | error . "+"
  104    | error . "-"
  105    | error . "*"
  106    | error . "/"

    RELOP  shift, and go to state 102
    "="    shift, and go to state 104
    "+"    shift, and go to state 105
    "-"    shift, and go to state 106
    "*"    shift, and go to state 107
    "/"    shift, and go to state 108
    "&&"   shift, and go to state 109
    "||"   shift, and go to state 110
    "."    shift, and go to state 111


State 142

   70 Dec: VarDec "=" Exp .
   71 Exp: Exp . "=" Exp
   72    | Exp . "&&" Exp
   73    | Exp . "||" Exp
   74    | Exp . RELOP Exp
   75    | Exp . "+" Exp
   76    | Exp . "-" Exp
   77    | Exp . "*" Exp
   78    | Exp . "/" Exp
   84    | Exp . "[" Exp "]"
   85    | Exp . "." ID
   90    | Exp . "." error
   91    | Exp . "=" error
   92    | Exp . "&&" error
   93    | Exp . "||" error
   94    | Exp . RELOP error
   95    | Exp . "+" error
   96    | Exp . "-" error
   97    | Exp . "*" error
   98    | Exp . "/" error
  111    | Exp . "[" error "]"
  113    | Exp . "[" Exp error

    RELOP  shift, and go to state 130
    "="    shift, and go to state 132
    "+"    shift, and go to state 133
    "-"    shift, and go to state 134
    "*"    shift, and go to state 135
    "/"    shift, and go to state 136
    "&&"   shift, and go to state 137
    "||"   shift, and go to state 138
    "."    shift, and go to state 139
    "["    shift, and go to state 140

    $default  reduce using rule 70 (Dec)


State 143

   66 Def: Specifier DecList error ";" .

    $default  reduce using rule 66 (Def)


State 144

   68 DecList: Dec "," DecList .

    $default  reduce using rule 68 (DecList)


State 145

   71 Exp: Exp . "=" Exp
   72    | Exp . "&&" Exp
   73    | Exp . "||" Exp
   74    | Exp . RELOP Exp
   75    | Exp . "+" Exp
   76    | Exp . "-" Exp
   77    | Exp . "*" Exp
   78    | Exp . "/" Exp
   84    | Exp . "[" Exp "]"
   85    | Exp . "." ID
   89    | error "." Exp .
   90    | Exp . "." error
   91    | Exp . "=" error
   92    | Exp . "&&" error
   93    | Exp . "||" error
   94    | Exp . RELOP error
   95    | Exp . "+" error
   96    | Exp . "-" error
   97    | Exp . "*" error
   98    | Exp . "/" error
  111    | Exp . "[" error "]"
  113    | Exp . "[" Exp error

    $default  reduce using rule 89 (Exp)


State 146

   89 Exp: error . "." Exp
   99    | error . "="
  100    | error . "&&"
  101    | error . "||"
  102    | error . RELOP
  103    | error . "+"
  104    | error . "-"
  105    | error . "*"
  106    | error . "/"
  110    | ID "(" error . ")"

    RELOP  shift, and go to state 102
    "="    shift, and go to state 104
    "+"    shift, and go to state 105
    "-"    shift, and go to state 106
    "*"    shift, and go to state 107
    "/"    shift, and go to state 108
    "&&"   shift, and go to state 109
    "||"   shift, and go to state 110
    "."    shift, and go to state 111
    ")"    shift, and go to state 180


State 147

   83 Exp: ID "(" ")" .

    $default  reduce using rule 83 (Exp)


State 148

   71 Exp: Exp . "=" Exp
   72    | Exp . "&&" Exp
   73    | Exp . "||" Exp
   74    | Exp . RELOP Exp
   75    | Exp . "+" Exp
   76    | Exp . "-" Exp
   77    | Exp . "*" Exp
   78    | Exp . "/" Exp
   84    | Exp . "[" Exp "]"
   85    | Exp . "." ID
   90    | Exp . "." error
   91    | Exp . "=" error
   92    | Exp . "&&" error
   93    | Exp . "||" error
   94    | Exp . RELOP error
   95    | Exp . "+" error
   96    | Exp . "-" error
   97    | Exp . "*" error
   98    | Exp . "/" error
  111    | Exp . "[" error "]"
  113    | Exp . "[" Exp error
  114 Args: Exp . "," Args
  115     | Exp .

    RELOP  shift, and go to state 130
    ","    shift, and go to state 181
    "="    shift, and go to state 132
    "+"    shift, and go to state 133
    "-"    shift, and go to state 134
    "*"    shift, and go to state 135
    "/"    shift, and go to state 136
    "&&"   shift, and go to state 137
    "||"   shift, and go to state 138
    "."    shift, and go to state 139
    "["    shift, and go to state 140

    $default  reduce using rule 115 (Args)


State 149

   82 Exp: ID "(" Args . ")"
  112    | ID "(" Args . error

    error  shift, and go to state 182
    ")"    shift, and go to state 183


State 150

   55 Stmt: RETURN error ";" .

    $default  reduce using rule 55 (Stmt)


State 151

   52 Stmt: RETURN Exp error .

    $default  reduce using rule 52 (Stmt)


State 152

   47 Stmt: RETURN Exp ";" .

    $default  reduce using rule 47 (Stmt)


State 153

   56 Stmt: IF error Stmt .
   57     | IF error Stmt . ELSE Stmt

    ELSE  shift, and go to state 184

    $default  reduce using rule 56 (Stmt)


State 154

   48 Stmt: IF "(" Exp . ")" Stmt
   49     | IF "(" Exp . ")" Stmt ELSE Stmt
   59     | IF "(" Exp . error Stmt
   60     | IF "(" Exp . error Stmt ELSE Stmt
   71 Exp: Exp . "=" Exp
   72    | Exp . "&&" Exp
   73    | Exp . "||" Exp
   74    | Exp . RELOP Exp
   75    | Exp . "+" Exp
   76    | Exp . "-" Exp
   77    | Exp . "*" Exp
   78    | Exp . "/" Exp
   84    | Exp . "[" Exp "]"
   85    | Exp . "." ID
   90    | Exp . "." error
   91    | Exp . "=" error
   92    | Exp . "&&" error
   93    | Exp . "||" error
   94    | Exp . RELOP error
   95    | Exp . "+" error
   96    | Exp . "-" error
   97    | Exp . "*" error
   98    | Exp . "/" error
  111    | Exp . "[" error "]"
  113    | Exp . "[" Exp error

    error  shift, and go to state 185
    RELOP  shift, and go to state 130
    "="    shift, and go to state 132
    "+"    shift, and go to state 133
    "-"    shift, and go to state 134
    "*"    shift, and go to state 135
    "/"    shift, and go to state 136
    "&&"   shift, and go to state 137
    "||"   shift, and go to state 138
    "."    shift, and go to state 139
    ")"    shift, and go to state 186
    "["    shift, and go to state 140


State 155

   58 Stmt: WHILE error Stmt .

    $default  reduce using rule 58 (Stmt)


State 156

   50 Stmt: WHILE "(" Exp . ")" Stmt
   61     | WHILE "(" Exp . error Stmt
   71 Exp: Exp . "=" Exp
   72    | Exp . "&&" Exp
   73    | Exp . "||" Exp
   74    | Exp . RELOP Exp
   75    | Exp . "+" Exp
   76    | Exp . "-" Exp
   77    | Exp . "*" Exp
   78    | Exp . "/" Exp
   84    | Exp . "[" Exp "]"
   85    | Exp . "." ID
   90    | Exp . "." error
   91    | Exp . "=" error
   92    | Exp . "&&" error
   93    | Exp . "||" error
   94    | Exp . RELOP error
   95    | Exp . "+" error
   96    | Exp . "-" error
   97    | Exp . "*" error
   98    | Exp . "/" error
  111    | Exp . "[" error "]"
  113    | Exp . "[" Exp error

    error  shift, and go to state 187
    RELOP  shift, and go to state 130
    "="    shift, and go to state 132
    "+"    shift, and go to state 133
    "-"    shift, and go to state 134
    "*"    shift, and go to state 135
    "/"    shift, and go to state 136
    "&&"   shift, and go to state 137
    "||"   shift, and go to state 138
    "."    shift, and go to state 139
    ")"    shift, and go to state 188
    "["    shift, and go to state 140


State 157

  107 Exp: "(" error ")" .

    $default  reduce using rule 107 (Exp)


State 158

   79 Exp: "(" Exp ")" .

    $default  reduce using rule 79 (Exp)


State 159

   54 Stmt: Exp error ";" .

    $default  reduce using rule 54 (Stmt)


State 160

   89 Exp: error . "." Exp
   94    | Exp RELOP error .
   99    | error . "="
  100    | error . "&&"
  101    | error . "||"
  102    | error . RELOP
  103    | error . "+"
  104    | error . "-"
  105    | error . "*"
  106    | error . "/"

    "+"  shift, and go to state 105
    "-"  shift, and go to state 106
    "*"  shift, and go to state 107
    "/"  shift, and go to state 108
    "."  shift, and go to state 111

    $default  reduce using rule 94 (Exp)


State 161

   71 Exp: Exp . "=" Exp
   72    | Exp . "&&" Exp
   73    | Exp . "||" Exp
   74    | Exp . RELOP Exp
   74    | Exp RELOP Exp .
   75    | Exp . "+" Exp
   76    | Exp . "-" Exp
   77    | Exp . "*" Exp
   78    | Exp . "/" Exp
   84    | Exp . "[" Exp "]"
   85    | Exp . "." ID
   90    | Exp . "." error
   91    | Exp . "=" error
   92    | Exp . "&&" error
   93    | Exp . "||" error
   94    | Exp . RELOP error
   95    | Exp . "+" error
   96    | Exp . "-" error
   97    | Exp . "*" error
   98    | Exp . "/" error
  111    | Exp . "[" error "]"
  113    | Exp . "[" Exp error

    "+"  shift, and go to state 133
    "-"  shift, and go to state 134
    "*"  shift, and go to state 135
    "/"  shift, and go to state 136
    "."  shift, and go to state 139
    "["  shift, and go to state 140

    $default  reduce using rule 74 (Exp)


State 162

   89 Exp: error . "." Exp
   91    | Exp "=" error .
   99    | error . "="
  100    | error . "&&"
  101    | error . "||"
  102    | error . RELOP
  103    | error . "+"
  104    | error . "-"
  105    | error . "*"
  106    | error . "/"

    RELOP  shift, and go to state 102
    "="    shift, and go to state 104
    "+"    shift, and go to state 105
    "-"    shift, and go to state 106
    "*"    shift, and go to state 107
    "/"    shift, and go to state 108
    "&&"   shift, and go to state 109
    "||"   shift, and go to state 110
    "."    shift, and go to state 111

    $default  reduce using rule 91 (Exp)


State 163

   71 Exp: Exp . "=" Exp
   71    | Exp "=" Exp .
   72    | Exp . "&&" Exp
   73    | Exp . "||" Exp
   74    | Exp . RELOP Exp
   75    | Exp . "+" Exp
   76    | Exp . "-" Exp
   77    | Exp . "*" Exp
   78    | Exp . "/" Exp
   84    | Exp . "[" Exp "]"
   85    | Exp . "." ID
   90    | Exp . "." error
   91    | Exp . "=" error
   92    | Exp . "&&" error
   93    | Exp . "||" error
   94    | Exp . RELOP error
   95    | Exp . "+" error
   96    | Exp . "-" error
   97    | Exp . "*" error
   98    | Exp . "/" error
  111    | Exp . "[" error "]"
  113    | Exp . "[" Exp error

    RELOP  shift, and go to state 130
    "="    shift, and go to state 132
    "+"    shift, and go to state 133
    "-"    shift, and go to state 134
    "*"    shift, and go to state 135
    "/"    shift, and go to state 136
    "&&"   shift, and go to state 137
    "||"   shift, and go to state 138
    "."    shift, and go to state 139
    "["    shift, and go to state 140

    $default  reduce using rule 71 (Exp)


State 164

   89 Exp: error . "." Exp
   95    | Exp "+" error .
   99    | error . "="
  100    | error . "&&"
  101    | error . "||"
  102    | error . RELOP
  103    | error . "+"
  104    | error . "-"
  105    | error . "*"
  106    | error . "/"

    "*"  shift, and go to state 107
    "/"  shift, and go to state 108
    "."  shift, and go to state 111

    $default  reduce using rule 95 (Exp)


State 165

   71 Exp: Exp . "=" Exp
   72    | Exp . "&&" Exp
   73    | Exp . "||" Exp
   74    | Exp . RELOP Exp
   75    | Exp . "+" Exp
   75    | Exp "+" Exp .
   76    | Exp . "-" Exp
   77    | Exp . "*" Exp
   78    | Exp . "/" Exp
   84    | Exp . "[" Exp "]"
   85    | Exp . "." ID
   90    | Exp . "." error
   91    | Exp . "=" error
   92    | Exp . "&&" error
   93    | Exp . "||" error
   94    | Exp . RELOP error
   95    | Exp . "+" error
   96    | Exp . "-" error
   97    | Exp . "*" error
   98    | Exp . "/" error
  111    | Exp . "[" error "]"
  113    | Exp . "[" Exp error

    "*"  shift, and go to state 135
    "/"  shift, and go to state 136
    "."  shift, and go to state 139
    "["  shift, and go to state 140

    $default  reduce using rule 75 (Exp)


State 166

   89 Exp: error . "." Exp
   96    | Exp "-" error .
   99    | error . "="
  100    | error . "&&"
  101    | error . "||"
  102    | error . RELOP
  103    | error . "+"
  104    | error . "-"
  105    | error . "*"
  106    | error . "/"

    "*"  shift, and go to state 107
    "/"  shift, and go to state 108
    "."  shift, and go to state 111

    $default  reduce using rule 96 (Exp)


State 167

   71 Exp: Exp . "=" Exp
   72    | Exp . "&&" Exp
   73    | Exp . "||" Exp
   74    | Exp . RELOP Exp
   75    | Exp . "+" Exp
   76    | Exp . "-" Exp
   76    | Exp "-" Exp .
   77    | Exp . "*" Exp
   78    | Exp . "/" Exp
   84    | Exp . "[" Exp "]"
   85    | Exp . "." ID
   90    | Exp . "." error
   91    | Exp . "=" error
   92    | Exp . "&&" error
   93    | Exp . "||" error
   94    | Exp . RELOP error
   95    | Exp . "+" error
   96    | Exp . "-" error
   97    | Exp . "*" error
   98    | Exp . "/" error
  111    | Exp . "[" error "]"
  113    | Exp . "[" Exp error

    "*"  shift, and go to state 135
    "/"  shift, and go to state 136
    "."  shift, and go to state 139
    "["  shift, and go to state 140

    $default  reduce using rule 76 (Exp)


State 168

   89 Exp: error . "." Exp
   97    | Exp "*" error .
   99    | error . "="
  100    | error . "&&"
  101    | error . "||"
  102    | error . RELOP
  103    | error . "+"
  104    | error . "-"
  105    | error . "*"
  106    | error . "/"

    "."  shift, and go to state 111

    $default  reduce using rule 97 (Exp)


State 169

   71 Exp: Exp . "=" Exp
   72    | Exp . "&&" Exp
   73    | Exp . "||" Exp
   74    | Exp . RELOP Exp
   75    | Exp . "+" Exp
   76    | Exp . "-" Exp
   77    | Exp . "*" Exp
   77    | Exp "*" Exp .
   78    | Exp . "/" Exp
   84    | Exp . "[" Exp "]"
   85    | Exp . "." ID
   90    | Exp . "." error
   91    | Exp . "=" error
   92    | Exp . "&&" error
   93    | Exp . "||" error
   94    | Exp . RELOP error
   95    | Exp . "+" error
   96    | Exp . "-" error
   97    | Exp . "*" error
   98    | Exp . "/" error
  111    | Exp . "[" error "]"
  113    | Exp . "[" Exp error

    "."  shift, and go to state 139
    "["  shift, and go to state 140

    $default  reduce using rule 77 (Exp)


State 170

   89 Exp: error . "." Exp
   98    | Exp "/" error .
   99    | error . "="
  100    | error . "&&"
  101    | error . "||"
  102    | error . RELOP
  103    | error . "+"
  104    | error . "-"
  105    | error . "*"
  106    | error . "/"

    "."  shift, and go to state 111

    $default  reduce using rule 98 (Exp)


State 171

   71 Exp: Exp . "=" Exp
   72    | Exp . "&&" Exp
   73    | Exp . "||" Exp
   74    | Exp . RELOP Exp
   75    | Exp . "+" Exp
   76    | Exp . "-" Exp
   77    | Exp . "*" Exp
   78    | Exp . "/" Exp
   78    | Exp "/" Exp .
   84    | Exp . "[" Exp "]"
   85    | Exp . "." ID
   90    | Exp . "." error
   91    | Exp . "=" error
   92    | Exp . "&&" error
   93    | Exp . "||" error
   94    | Exp . RELOP error
   95    | Exp . "+" error
   96    | Exp . "-" error
   97    | Exp . "*" error
   98    | Exp . "/" error
  111    | Exp . "[" error "]"
  113    | Exp . "[" Exp error

    "."  shift, and go to state 139
    "["  shift, and go to state 140

    $default  reduce using rule 78 (Exp)


State 172

   89 Exp: error . "." Exp
   92    | Exp "&&" error .
   99    | error . "="
  100    | error . "&&"
  101    | error . "||"
  102    | error . RELOP
  103    | error . "+"
  104    | error . "-"
  105    | error . "*"
  106    | error . "/"

    RELOP  shift, and go to state 102
    "+"    shift, and go to state 105
    "-"    shift, and go to state 106
    "*"    shift, and go to state 107
    "/"    shift, and go to state 108
    "."    shift, and go to state 111

    $default  reduce using rule 92 (Exp)


State 173

   71 Exp: Exp . "=" Exp
   72    | Exp . "&&" Exp
   72    | Exp "&&" Exp .
   73    | Exp . "||" Exp
   74    | Exp . RELOP Exp
   75    | Exp . "+" Exp
   76    | Exp . "-" Exp
   77    | Exp . "*" Exp
   78    | Exp . "/" Exp
   84    | Exp . "[" Exp "]"
   85    | Exp . "." ID
   90    | Exp . "." error
   91    | Exp . "=" error
   92    | Exp . "&&" error
   93    | Exp . "||" error
   94    | Exp . RELOP error
   95    | Exp . "+" error
   96    | Exp . "-" error
   97    | Exp . "*" error
   98    | Exp . "/" error
  111    | Exp . "[" error "]"
  113    | Exp . "[" Exp error

    RELOP  shift, and go to state 130
    "+"    shift, and go to state 133
    "-"    shift, and go to state 134
    "*"    shift, and go to state 135
    "/"    shift, and go to state 136
    "."    shift, and go to state 139
    "["    shift, and go to state 140

    $default  reduce using rule 72 (Exp)


State 174

   89 Exp: error . "." Exp
   93    | Exp "||" error .
   99    | error . "="
  100    | error . "&&"
  101    | error . "||"
  102    | error . RELOP
  103    | error . "+"
  104    | error . "-"
  105    | error . "*"
  106    | error . "/"

    RELOP  shift, and go to state 102
    "+"    shift, and go to state 105
    "-"    shift, and go to state 106
    "*"    shift, and go to state 107
    "/"    shift, and go to state 108
    "&&"   shift, and go to state 109
    "."    shift, and go to state 111

    $default  reduce using rule 93 (Exp)


State 175

   71 Exp: Exp . "=" Exp
   72    | Exp . "&&" Exp
   73    | Exp . "||" Exp
   73    | Exp "||" Exp .
   74    | Exp . RELOP Exp
   75    | Exp . "+" Exp
   76    | Exp . "-" Exp
   77    | Exp . "*" Exp
   78    | Exp . "/" Exp
   84    | Exp . "[" Exp "]"
   85    | Exp . "." ID
   90    | Exp . "." error
   91    | Exp . "=" error
   92    | Exp . "&&" error
   93    | Exp . "||" error
   94    | Exp . RELOP error
   95    | Exp . "+" error
   96    | Exp . "-" error
   97    | Exp . "*" error
   98    | Exp . "/" error
  111    | Exp . "[" error "]"
  113    | Exp . "[" Exp error

    RELOP  shift, and go to state 130
    "+"    shift, and go to state 133
    "-"    shift, and go to state 134
    "*"    shift, and go to state 135
    "/"    shift, and go to state 136
    "&&"   shift, and go to state 137
    "."    shift, and go to state 139
    "["    shift, and go to state 140

    $default  reduce using rule 73 (Exp)


State 176

   90 Exp: Exp "." error .

    $default  reduce using rule 90 (Exp)


State 177

   85 Exp: Exp "." ID .

    $default  reduce using rule 85 (Exp)


State 178

   89 Exp: error . "." Exp
   99    | error . "="
  100    | error . "&&"
  101    | error . "||"
  102    | error . RELOP
  103    | error . "+"
  104    | error . "-"
  105    | error . "*"
  106    | error . "/"
  111    | Exp "[" error . "]"

    RELOP  shift, and go to state 102
    "="    shift, and go to state 104
    "+"    shift, and go to state 105
    "-"    shift, and go to state 106
    "*"    shift, and go to state 107
    "/"    shift, and go to state 108
    "&&"   shift, and go to state 109
    "||"   shift, and go to state 110
    "."    shift, and go to state 111
    "]"    shift, and go to state 189


State 179

   71 Exp: Exp . "=" Exp
   72    | Exp . "&&" Exp
   73    | Exp . "||" Exp
   74    | Exp . RELOP Exp
   75    | Exp . "+" Exp
   76    | Exp . "-" Exp
   77    | Exp . "*" Exp
   78    | Exp . "/" Exp
   84    | Exp . "[" Exp "]"
   84    | Exp "[" Exp . "]"
   85    | Exp . "." ID
   90    | Exp . "." error
   91    | Exp . "=" error
   92    | Exp . "&&" error
   93    | Exp . "||" error
   94    | Exp . RELOP error
   95    | Exp . "+" error
   96    | Exp . "-" error
   97    | Exp . "*" error
   98    | Exp . "/" error
  111    | Exp . "[" error "]"
  113    | Exp . "[" Exp error
  113    | Exp "[" Exp . error

    error  shift, and go to state 190
    RELOP  shift, and go to state 130
    "="    shift, and go to state 132
    "+"    shift, and go to state 133
    "-"    shift, and go to state 134
    "*"    shift, and go to state 135
    "/"    shift, and go to state 136
    "&&"   shift, and go to state 137
    "||"   shift, and go to state 138
    "."    shift, and go to state 139
    "["    shift, and go to state 140
    "]"    shift, and go to state 191


State 180

  110 Exp: ID "(" error ")" .

    $default  reduce using rule 110 (Exp)


State 181

  114 Args: Exp "," . Args

    error  shift, and go to state 141
    ID     shift, and go to state 77
    INT    shift, and go to state 78
    FLOAT  shift, and go to state 79
    "-"    shift, and go to state 83
    "!"    shift, and go to state 84
    "("    shift, and go to state 85

    Exp   go to state 148
    Args  go to state 192


State 182

  112 Exp: ID "(" Args error .

    $default  reduce using rule 112 (Exp)


State 183

   82 Exp: ID "(" Args ")" .

    $default  reduce using rule 82 (Exp)


State 184

   57 Stmt: IF error Stmt ELSE . Stmt

    error   shift, and go to state 127
    ID      shift, and go to state 77
    INT     shift, and go to state 78
    FLOAT   shift, and go to state 79
    RETURN  shift, and go to state 80
    IF      shift, and go to state 81
    WHILE   shift, and go to state 82
    "-"     shift, and go to state 83
    "!"     shift, and go to state 84
    "("     shift, and go to state 85
    "{"     shift, and go to state 36

    CompSt  go to state 86
    Stmt    go to state 193
    Exp     go to state 89


State 185

   59 Stmt: IF "(" Exp error . Stmt
   60     | IF "(" Exp error . Stmt ELSE Stmt

    error   shift, and go to state 127
    ID      shift, and go to state 77
    INT     shift, and go to state 78
    FLOAT   shift, and go to state 79
    RETURN  shift, and go to state 80
    IF      shift, and go to state 81
    WHILE   shift, and go to state 82
    "-"     shift, and go to state 83
    "!"     shift, and go to state 84
    "("     shift, and go to state 85
    "{"     shift, and go to state 36

    CompSt  go to state 86
    Stmt    go to state 194
    Exp     go to state 89


State 186

   48 Stmt: IF "(" Exp ")" . Stmt
   49     | IF "(" Exp ")" . Stmt ELSE Stmt

    error   shift, and go to state 127
    ID      shift, and go to state 77
    INT     shift, and go to state 78
    FLOAT   shift, and go to state 79
    RETURN  shift, and go to state 80
    IF      shift, and go to state 81
    WHILE   shift, and go to state 82
    "-"     shift, and go to state 83
    "!"     shift, and go to state 84
    "("     shift, and go to state 85
    "{"     shift, and go to state 36

    CompSt  go to state 86
    Stmt    go to state 195
    Exp     go to state 89


State 187

   61 Stmt: WHILE "(" Exp error . Stmt

    error   shift, and go to state 127
    ID      shift, and go to state 77
    INT     shift, and go to state 78
    FLOAT   shift, and go to state 79
    RETURN  shift, and go to state 80
    IF      shift, and go to state 81
    WHILE   shift, and go to state 82
    "-"     shift, and go to state 83
    "!"     shift, and go to state 84
    "("     shift, and go to state 85
    "{"     shift, and go to state 36

    CompSt  go to state 86
    Stmt    go to state 196
    Exp     go to state 89


State 188

   50 Stmt: WHILE "(" Exp ")" . Stmt

    error   shift, and go to state 127
    ID      shift, and go to state 77
    INT     shift, and go to state 78
    FLOAT   shift, and go to state 79
    RETURN  shift, and go to state 80
    IF      shift, and go to state 81
    WHILE   shift, and go to state 82
    "-"     shift, and go to state 83
    "!"     shift, and go to state 84
    "("     shift, and go to state 85
    "{"     shift, and go to state 36

    CompSt  go to state 86
    Stmt    go to state 197
    Exp     go to state 89


State 189

  111 Exp: Exp "[" error "]" .

    $default  reduce using rule 111 (Exp)


State 190

  113 Exp: Exp "[" Exp error .

    $default  reduce using rule 113 (Exp)


State 191

   84 Exp: Exp "[" Exp "]" .

    $default  reduce using rule 84 (Exp)


State 192

  114 Args: Exp "," Args .

    $default  reduce using rule 114 (Args)


State 193

   57 Stmt: IF error Stmt ELSE Stmt .

    $default  reduce using rule 57 (Stmt)


State 194

   59 Stmt: IF "(" Exp error Stmt .
   60     | IF "(" Exp error Stmt . ELSE Stmt

    ELSE  shift, and go to state 198

    $default  reduce using rule 59 (Stmt)


State 195

   48 Stmt: IF "(" Exp ")" Stmt .
   49     | IF "(" Exp ")" Stmt . ELSE Stmt

    ELSE  shift, and go to state 199

    $default  reduce using rule 48 (Stmt)


State 196

   61 Stmt: WHILE "(" Exp error Stmt .

    $default  reduce using rule 61 (Stmt)


State 197

   50 Stmt: WHILE "(" Exp ")" Stmt .

    $default  reduce using rule 50 (Stmt)


State 198

   60 Stmt: IF "(" Exp error Stmt ELSE . Stmt

    error   shift, and go to state 127
    ID      shift, and go to state 77
    INT     shift, and go to state 78
    FLOAT   shift, and go to state 79
    RETURN  shift, and go to state 80
    IF      shift, and go to state 81
    WHILE   shift, and go to state 82
    "-"     shift, and go to state 83
    "!"     shift, and go to state 84
    "("     shift, and go to state 85
    "{"     shift, and go to state 36

    CompSt  go to state 86
    Stmt    go to state 200
    Exp     go to state 89


State 199

   49 Stmt: IF "(" Exp ")" Stmt ELSE . Stmt

    error   shift, and go to state 127
    ID      shift, and go to state 77
    INT     shift, and go to state 78
    FLOAT   shift, and go to state 79
    RETURN  shift, and go to state 80
    IF      shift, and go to state 81
    WHILE   shift, and go to state 82
    "-"     shift, and go to state 83
    "!"     shift, and go to state 84
    "("     shift, and go to state 85
    "{"     shift, and go to state 36

    CompSt  go to state 86
    Stmt    go to state 201
    Exp     go to state 89


State 200

   60 Stmt: IF "(" Exp error Stmt ELSE Stmt .

    $default  reduce using rule 60 (Stmt)


State 201

   49 Stmt: IF "(" Exp ")" Stmt ELSE Stmt .

    $default  reduce using rule 49 (Stmt)
